

================================================================
== Vivado HLS Report for 'spmv_unrolled'
================================================================
* Date:           Wed Dec 23 17:26:01 2020

* Version:        2019.2 (Build 2704478 on Wed Nov 06 22:10:23 MST 2019)
* Project:        pp4fpga_spmv
* Solution:       solution2
* Product family: zynq
* Target device:  xc7z020-clg484-1


================================================================
== Performance Estimates
================================================================
+ Timing: 
    * Summary: 
    +--------+----------+----------+------------+
    |  Clock |  Target  | Estimated| Uncertainty|
    +--------+----------+----------+------------+
    |ap_clk  | 10.00 ns | 9.168 ns |   1.25 ns  |
    +--------+----------+----------+------------+

+ Latency: 
    * Summary: 
    +---------+---------+----------+----------+-----+-----+---------+
    |  Latency (cycles) |  Latency (absolute) |  Interval | Pipeline|
    |   min   |   max   |    min   |    max   | min | max |   Type  |
    +---------+---------+----------+----------+-----+-----+---------+
    |       17|      157| 0.170 us | 1.570 us |   17|  157|   none  |
    +---------+---------+----------+----------+-----+-----+---------+

    + Detail: 
        * Instance: 
        N/A

        * Loop: 
        +----------+---------+---------+----------+-----------+-----------+-------+----------+
        |          |  Latency (cycles) | Iteration|  Initiation Interval  |  Trip |          |
        | Loop Name|   min   |   max   |  Latency |  achieved |   target  | Count | Pipelined|
        +----------+---------+---------+----------+-----------+-----------+-------+----------+
        |- L1      |       16|      156|  4 ~ 39  |          -|          -|      4|    no    |
        | + L2_1   |        0|       35|        36|          5|          5| 0 ~ 1 |    yes   |
        +----------+---------+---------+----------+-----------+-----------+-------+----------+



================================================================
== Utilization Estimates
================================================================
* Summary: 
+-----------------+---------+-------+--------+-------+-----+
|       Name      | BRAM_18K| DSP48E|   FF   |  LUT  | URAM|
+-----------------+---------+-------+--------+-------+-----+
|DSP              |        -|      -|       -|      -|    -|
|Expression       |        -|      -|       0|    436|    -|
|FIFO             |        -|      -|       -|      -|    -|
|Instance         |        -|      5|     348|    711|    -|
|Memory           |        -|      -|       -|      -|    -|
|Multiplexer      |        -|      -|       -|    332|    -|
|Register         |        0|      -|    1375|    224|    -|
+-----------------+---------+-------+--------+-------+-----+
|Total            |        0|      5|    1723|   1703|    0|
+-----------------+---------+-------+--------+-------+-----+
|Available        |      280|    220|  106400|  53200|    0|
+-----------------+---------+-------+--------+-------+-----+
|Utilization (%)  |        0|      2|       1|      3|    0|
+-----------------+---------+-------+--------+-------+-----+

+ Detail: 
    * Instance: 
    +-------------------------+----------------------+---------+-------+-----+-----+-----+
    |         Instance        |        Module        | BRAM_18K| DSP48E|  FF | LUT | URAM|
    +-------------------------+----------------------+---------+-------+-----+-----+-----+
    |spmv_unrolled_fadbkb_U1  |spmv_unrolled_fadbkb  |        0|      2|  205|  390|    0|
    |spmv_unrolled_fmucud_U2  |spmv_unrolled_fmucud  |        0|      3|  143|  321|    0|
    +-------------------------+----------------------+---------+-------+-----+-----+-----+
    |Total                    |                      |        0|      5|  348|  711|    0|
    +-------------------------+----------------------+---------+-------+-----+-----+-----+

    * DSP48E: 
    N/A

    * Memory: 
    N/A

    * FIFO: 
    N/A

    * Expression: 
    +-------------------------+----------+-------+---+----+------------+------------+
    |      Variable Name      | Operation| DSP48E| FF| LUT| Bitwidth P0| Bitwidth P1|
    +-------------------------+----------+-------+---+----+------------+------------+
    |add_ln16_1_fu_345_p2     |     +    |      0|  0|  39|          32|           2|
    |add_ln16_2_fu_362_p2     |     +    |      0|  0|  39|          32|           2|
    |add_ln16_3_fu_379_p2     |     +    |      0|  0|  39|          32|           3|
    |add_ln16_fu_318_p2       |     +    |      0|  0|  39|          32|           1|
    |i_fu_291_p2              |     +    |      0|  0|  12|           3|           1|
    |k_1_fu_410_p2            |     +    |      0|  0|  39|          32|           3|
    |icmp_ln10_fu_307_p2      |   icmp   |      0|  0|  18|          32|          32|
    |icmp_ln16_1_fu_351_p2    |   icmp   |      0|  0|  18|          32|          32|
    |icmp_ln16_2_fu_368_p2    |   icmp   |      0|  0|  18|          32|          32|
    |icmp_ln16_3_fu_385_p2    |   icmp   |      0|  0|  18|          32|          32|
    |icmp_ln16_fu_324_p2      |   icmp   |      0|  0|  18|          32|          32|
    |icmp_ln8_fu_285_p2       |   icmp   |      0|  0|   9|           3|           4|
    |select_ln16_1_fu_422_p3  |  select  |      0|  0|  32|           1|          32|
    |select_ln16_2_fu_428_p3  |  select  |      0|  0|  32|           1|          32|
    |select_ln16_3_fu_434_p3  |  select  |      0|  0|  32|           1|          32|
    |select_ln16_fu_416_p3    |  select  |      0|  0|  32|           1|          32|
    |ap_enable_pp0            |    xor   |      0|  0|   2|           1|           2|
    +-------------------------+----------+-------+---+----+------------+------------+
    |Total                    |          |      0|  0| 436|         331|         306|
    +-------------------------+----------+-------+---+----+------------+------------+

    * Multiplexer: 
    +------------------------------+----+-----------+-----+-----------+
    |             Name             | LUT| Input Size| Bits| Total Bits|
    +------------------------------+----+-----------+-----+-----------+
    |ap_NS_fsm                     |  47|         10|    1|         10|
    |ap_enable_reg_pp0_iter7       |   9|          2|    1|          2|
    |ap_phi_mux_k_0_phi_fu_268_p4  |   9|          2|   32|         64|
    |columnIndex_address0          |  21|          4|    4|         16|
    |columnIndex_address1          |  15|          3|    4|         12|
    |grp_fu_275_p0                 |  33|          6|   32|        192|
    |grp_fu_275_p1                 |  33|          6|   32|        192|
    |grp_fu_280_p0                 |  33|          6|   32|        192|
    |grp_fu_280_p1                 |  33|          6|   32|        192|
    |i_0_reg_241                   |   9|          2|    3|          6|
    |k_0_reg_265                   |   9|          2|   32|         64|
    |values_address0               |  21|          4|    4|         16|
    |values_address1               |  15|          3|    4|         12|
    |x_address0                    |  21|          4|    2|          8|
    |x_address1                    |  15|          3|    2|          6|
    |y0_0_reg_252                  |   9|          2|   32|         64|
    +------------------------------+----+-----------+-----+-----------+
    |Total                         | 332|         65|  249|       1048|
    +------------------------------+----+-----------+-----+-----------+

    * Register: 
    +-------------------------------------+----+----+-----+-----------+
    |                 Name                | FF | LUT| Bits| Const Bits|
    +-------------------------------------+----+----+-----+-----------+
    |add_ln16_3_reg_556                   |  32|   0|   32|          0|
    |ap_CS_fsm                            |   9|   0|    9|          0|
    |ap_enable_reg_pp0_iter0              |   1|   0|    1|          0|
    |ap_enable_reg_pp0_iter1              |   1|   0|    1|          0|
    |ap_enable_reg_pp0_iter2              |   1|   0|    1|          0|
    |ap_enable_reg_pp0_iter3              |   1|   0|    1|          0|
    |ap_enable_reg_pp0_iter4              |   1|   0|    1|          0|
    |ap_enable_reg_pp0_iter5              |   1|   0|    1|          0|
    |ap_enable_reg_pp0_iter6              |   1|   0|    1|          0|
    |ap_enable_reg_pp0_iter7              |   1|   0|    1|          0|
    |i_0_reg_241                          |   3|   0|    3|          0|
    |i_reg_443                            |   3|   0|    3|          0|
    |icmp_ln10_reg_477                    |   1|   0|    1|          0|
    |icmp_ln16_1_reg_526                  |   1|   0|    1|          0|
    |icmp_ln16_2_reg_541                  |   1|   0|    1|          0|
    |icmp_ln16_3_reg_561                  |   1|   0|    1|          0|
    |icmp_ln16_reg_491                    |   1|   0|    1|          0|
    |k_0_reg_265                          |  32|   0|   32|          0|
    |k_1_reg_631                          |  32|   0|   32|          0|
    |rowPtr_load_reg_468                  |  32|   0|   32|          0|
    |select_ln16_1_reg_668                |  32|   0|   32|          0|
    |select_ln16_1_reg_668_pp0_iter4_reg  |  32|   0|   32|          0|
    |select_ln16_2_reg_674                |  32|   0|   32|          0|
    |select_ln16_2_reg_674_pp0_iter5_reg  |  32|   0|   32|          0|
    |select_ln16_3_reg_680                |  32|   0|   32|          0|
    |select_ln16_reg_662                  |  32|   0|   32|          0|
    |select_ln16_reg_662_pp0_iter3_reg    |  32|   0|   32|          0|
    |tmp5_reg_642                         |  32|   0|   32|          0|
    |tmp_1_reg_647                        |  32|   0|   32|          0|
    |tmp_1_reg_647_pp0_iter2_reg          |  32|   0|   32|          0|
    |tmp_2_reg_652                        |  32|   0|   32|          0|
    |tmp_3_reg_657                        |  32|   0|   32|          0|
    |values_load_1_reg_516                |  32|   0|   32|          0|
    |values_load_2_reg_576                |  32|   0|   32|          0|
    |values_load_3_reg_586                |  32|   0|   32|          0|
    |values_load_4_reg_616                |  32|   0|   32|          0|
    |values_load_reg_506                  |  32|   0|   32|          0|
    |x_load_1_reg_571                     |  32|   0|   32|          0|
    |x_load_2_reg_606                     |  32|   0|   32|          0|
    |x_load_3_reg_611                     |  32|   0|   32|          0|
    |x_load_4_reg_626                     |  32|   0|   32|          0|
    |y0_0_reg_252                         |  32|   0|   32|          0|
    |yt_reg_636                           |  32|   0|   32|          0|
    |yt_reg_636_pp0_iter2_reg             |  32|   0|   32|          0|
    |zext_ln10_reg_448                    |   3|   0|   64|         61|
    |icmp_ln10_reg_477                    |  64|  32|    1|          0|
    |icmp_ln16_1_reg_526                  |  64|  32|    1|          0|
    |icmp_ln16_2_reg_541                  |  64|  32|    1|          0|
    |icmp_ln16_3_reg_561                  |  64|  32|    1|          0|
    |icmp_ln16_reg_491                    |  64|  32|    1|          0|
    |tmp_2_reg_652                        |  64|  32|   32|          0|
    |tmp_3_reg_657                        |  64|  32|   32|          0|
    +-------------------------------------+----+----+-----+-----------+
    |Total                                |1375| 224| 1057|         61|
    +-------------------------------------+----+----+-----+-----------+



================================================================
== Interface
================================================================
* Summary: 
+----------------------+-----+-----+------------+---------------+--------------+
|       RTL Ports      | Dir | Bits|  Protocol  | Source Object |    C Type    |
+----------------------+-----+-----+------------+---------------+--------------+
|ap_clk                |  in |    1| ap_ctrl_hs | spmv_unrolled | return value |
|ap_rst                |  in |    1| ap_ctrl_hs | spmv_unrolled | return value |
|ap_start              |  in |    1| ap_ctrl_hs | spmv_unrolled | return value |
|ap_done               | out |    1| ap_ctrl_hs | spmv_unrolled | return value |
|ap_idle               | out |    1| ap_ctrl_hs | spmv_unrolled | return value |
|ap_ready              | out |    1| ap_ctrl_hs | spmv_unrolled | return value |
|rowPtr_address0       | out |    3|  ap_memory |     rowPtr    |     array    |
|rowPtr_ce0            | out |    1|  ap_memory |     rowPtr    |     array    |
|rowPtr_q0             |  in |   32|  ap_memory |     rowPtr    |     array    |
|rowPtr_address1       | out |    3|  ap_memory |     rowPtr    |     array    |
|rowPtr_ce1            | out |    1|  ap_memory |     rowPtr    |     array    |
|rowPtr_q1             |  in |   32|  ap_memory |     rowPtr    |     array    |
|columnIndex_address0  | out |    4|  ap_memory |  columnIndex  |     array    |
|columnIndex_ce0       | out |    1|  ap_memory |  columnIndex  |     array    |
|columnIndex_q0        |  in |   32|  ap_memory |  columnIndex  |     array    |
|columnIndex_address1  | out |    4|  ap_memory |  columnIndex  |     array    |
|columnIndex_ce1       | out |    1|  ap_memory |  columnIndex  |     array    |
|columnIndex_q1        |  in |   32|  ap_memory |  columnIndex  |     array    |
|values_address0       | out |    4|  ap_memory |     values    |     array    |
|values_ce0            | out |    1|  ap_memory |     values    |     array    |
|values_q0             |  in |   32|  ap_memory |     values    |     array    |
|values_address1       | out |    4|  ap_memory |     values    |     array    |
|values_ce1            | out |    1|  ap_memory |     values    |     array    |
|values_q1             |  in |   32|  ap_memory |     values    |     array    |
|y_address0            | out |    2|  ap_memory |       y       |     array    |
|y_ce0                 | out |    1|  ap_memory |       y       |     array    |
|y_we0                 | out |    1|  ap_memory |       y       |     array    |
|y_d0                  | out |   32|  ap_memory |       y       |     array    |
|x_address0            | out |    2|  ap_memory |       x       |     array    |
|x_ce0                 | out |    1|  ap_memory |       x       |     array    |
|x_q0                  |  in |   32|  ap_memory |       x       |     array    |
|x_address1            | out |    2|  ap_memory |       x       |     array    |
|x_ce1                 | out |    1|  ap_memory |       x       |     array    |
|x_q1                  |  in |   32|  ap_memory |       x       |     array    |
+----------------------+-----+-----+------------+---------------+--------------+

